desktop: index
desktop: support
desktop: data
desktop: cssp
desktop: terms
desktop: privacy
desktop: articles
desktop: article-what-is-flotilla
desktop: article-getting-started
desktop: article-joining-a-space
desktop: article-is-flotilla-private
desktop: article-community-and-support
desktop: article-creating-a-space
desktop: article-self-hosting-a-space
desktop: article-managing-a-space
mobile: index
mobile: support
mobile: data
mobile: cssp
mobile: terms
mobile: privacy
mobile: articles
mobile: article-what-is-flotilla
mobile: article-getting-started
mobile: article-joining-a-space
mobile: article-is-flotilla-private
mobile: article-community-and-support
mobile: article-creating-a-space
mobile: article-self-hosting-a-space
mobile: article-managing-a-space
done
